=================================================
paras: window = 100, stride = 20,learning_rate = 0.02
acc = 1676 / 1997 = 0.8392588883324987
=================================================
== Start Testing ==
== End Testing ==
=================================================
paras: window = 100, stride = 20,learning_rate = 0.04
acc = 1705 / 1997 = 0.8537806710065098
=================================================
== Start Testing ==
== End Testing ==
=================================================
paras: window = 100, stride = 20,learning_rate = 0.06
acc = 1734 / 1997 = 0.8683024536805208
=================================================
== Start Testing ==
== End Testing ==
=================================================
paras: window = 100, stride = 20,learning_rate = 0.08
acc = 1746 / 1997 = 0.8743114672008012
=================================================
== Start Testing ==
== End Testing ==
=================================================
paras: window = 100, stride = 20,learning_rate = 0.1
acc = 1759 / 1997 = 0.8808212318477716
=================================================
== Start Testing ==
== End Testing ==
=================================================
paras: window = 100, stride = 20,learning_rate = 0.12
acc = 1777 / 1997 = 0.8898347521281923
=================================================
== Start Testing ==
== End Testing ==
=================================================
paras: window = 100, stride = 20,learning_rate = 0.14
acc = 1777 / 1997 = 0.8898347521281923
=================================================
== Start Testing ==
== End Testing ==
=================================================
paras: window = 100, stride = 20,learning_rate = 0.16
acc = 1796 / 1997 = 0.899349023535303
=================================================
== Start Testing ==
== End Testing ==
=================================================
paras: window = 100, stride = 20,learning_rate = 0.18
acc = 1799 / 1997 = 0.900851276915373
=================================================
== Start Testing ==
== End Testing ==
=================================================
paras: window = 100, stride = 20,learning_rate = 0.2
acc = 1797 / 1997 = 0.899849774661993
=================================================
== Start Testing ==
== End Testing ==
=================================================
paras: window = 100, stride = 20,learning_rate = 0.22
acc = 1803 / 1997 = 0.9028542814221332
=================================================
== Start Testing ==
== End Testing ==
=================================================
paras: window = 100, stride = 20,learning_rate = 0.1
=================================================
paras: window = 200, stride = 20,learning_rate = 0.1
acc = 1440 / 1997 = 0.7210816224336505
=================================================
== Start Testing ==
== End Testing ==
=================================================
paras: window = 200, stride = 20,learning_rate = 0.1
acc = 1431 / 1997 = 0.7165748622934401
=================================================
== Start Testing ==
== End Testing ==
=================================================
paras: window = 200, stride = 20,learning_rate = 0.1
acc = 1429 / 1997 = 0.7155733600400601
=================================================
== Start Testing ==
== End Testing ==
=================================================
paras: window = 90, stride = 20,learning_rate = 0.1
acc = 1661 / 1997 = 0.8317476214321482
=================================================
== Start Testing ==
== End Testing ==
=================================================
paras: window = 100, stride = 20,learning_rate = 0.1
acc = 1739 / 1997 = 0.8708062093139709
=================================================
== Start Testing ==
== End Testing ==
=================================================
paras: window = 100, stride = 20,learning_rate = 0.05
acc = 1558 / 1997 = 0.7801702553830746
=================================================
== Start Testing ==
== End Testing ==
=================================================
paras: window = 100, stride = 20,learning_rate = 0.05
=================================================
paras: window = 100, stride = 20,learning_rate = 0.05
acc = 24 / 1997 = 0.012018027040560842
=================================================
== Start Testing ==
== End Testing ==
=================================================
paras: window = 100, stride = 20,learning_rate = 0.05
acc = 24 / 1997 = 0.012018027040560842
=================================================
== Start Testing ==
== End Testing ==
